Build started 01.12.2015 10:56:50.
     1>Project "C:\Users\Denis\documents\visual studio 2013\Projects\Win32Project2\Win32Project2\Win32Project2.vcxproj" on node 2 (Build target(s)).
     1>ClCompile:
         C:\Program Files (x86)\Microsoft Visual Studio 12.0\VC\bin\CL.exe /c /ZI /nologo /W3 /WX- /Od /Oy- /D WIN32 /D _DEBUG /D _WINDOWS /D _UNICODE /D UNICODE /Gm /EHsc /RTC1 /MDd /GS /fp:precise /Zc:wchar_t /Zc:forScope /Fo"Debug\\" /Fd"Debug\vc120.pdb" /Gd /TP /analyze- /errorReport:prompt Source.cpp
         Source.cpp
     1>c:\users\denis\documents\visual studio 2013\projects\win32project2\win32project2\source.cpp(371): warning C4101: 'nSize' : unreferenced local variable
     1>c:\program files (x86)\microsoft visual studio 12.0\vc\include\xutility(2132): warning C4996: 'std::_Copy_impl': Function call with parameters that may be unsafe - this call relies on the caller to check that the passed values are correct. To disable this warning, use -D_SCL_SECURE_NO_WARNINGS. See documentation on how to use Visual C++ 'Checked Iterators'
                 c:\program files (x86)\microsoft visual studio 12.0\vc\include\xutility(2113) : see declaration of 'std::_Copy_impl'
                 c:\users\denis\documents\visual studio 2013\projects\win32project2\win32project2\source.cpp(103) : see reference to function template instantiation '_OutIt std::copy<std::_String_iterator<std::_String_val<std::_Simple_types<char>>>,TCHAR*>(_InIt,_InIt,_OutIt)' being compiled
                 with
                 [
                     _OutIt=TCHAR *
         ,            _InIt=std::_String_iterator<std::_String_val<std::_Simple_types<char>>>
                 ]
       Link:
         C:\Program Files (x86)\Microsoft Visual Studio 12.0\VC\bin\link.exe /ERRORREPORT:PROMPT /OUT:"C:\Users\Denis\documents\visual studio 2013\Projects\Win32Project2\Debug\Win32Project2.exe" /INCREMENTAL /NOLOGO kernel32.lib user32.lib gdi32.lib winspool.lib comdlg32.lib advapi32.lib shell32.lib ole32.lib oleaut32.lib uuid.lib odbc32.lib odbccp32.lib /MANIFEST /MANIFESTUAC:"level='asInvoker' uiAccess='false'" /manifest:embed /DEBUG /PDB:"C:\Users\Denis\documents\visual studio 2013\Projects\Win32Project2\Debug\Win32Project2.pdb" /SUBSYSTEM:WINDOWS /TLBID:1 /DYNAMICBASE /NXCOMPAT /IMPLIB:"C:\Users\Denis\documents\visual studio 2013\Projects\Win32Project2\Debug\Win32Project2.lib" /MACHINE:X86 Debug\Source.obj
         Win32Project2.vcxproj -> C:\Users\Denis\documents\visual studio 2013\Projects\Win32Project2\Debug\Win32Project2.exe
     1>Done Building Project "C:\Users\Denis\documents\visual studio 2013\Projects\Win32Project2\Win32Project2\Win32Project2.vcxproj" (Build target(s)).

Build succeeded.

Time Elapsed 00:00:00.90
